<?xml version="1.0" encoding="UTF-8"?>
<testsuite xmlns:xsi="http://www.w3.org/2001/XMLSchema-instance" xsi:noNamespaceSchemaLocation="https://maven.apache.org/surefire/maven-surefire-plugin/xsd/surefire-test-report.xsd" name="com.selenium.test.junit.tests.FireFoxTest" time="47.408" tests="1" errors="1" skipped="0" failures="0">
  <properties>
[...]
</properties>
  <testcase name="testMarket" classname="com.selenium.test.junit.tests.FireFoxTest" time="47.408">
    <error message="Unable to locate element: .n-product-summary__content&#10;For documentation on this error, please visit: http://seleniumhq.org/exceptions/no_such_element.html&#10;Build info: version: &apos;3.4.0&apos;, revision: &apos;unknown&apos;, time: &apos;unknown&apos;&#10;System info: host: &apos;USA&apos;, ip: &apos;192.168.0.109&apos;, os.name: &apos;Windows 10&apos;, os.arch: &apos;amd64&apos;, os.version: &apos;10.0&apos;, java.version: &apos;1.8.0_131&apos;&#10;Driver info: org.openqa.selenium.firefox.FirefoxDriver&#10;Capabilities [{moz:profile=C:\Users\Alexey\AppData\Local\Temp\rust_mozprofile.Jqo3pvrjAYkN, rotatable=false, timeouts={implicit=0.0, pageLoad=300000.0, script=30000.0}, pageLoadStrategy=normal, platform=ANY, specificationLevel=0.0, moz:accessibilityChecks=false, acceptInsecureCerts=true, browserVersion=54.0.1, platformVersion=10.0, moz:processID=6828.0, browserName=firefox, javascriptEnabled=true, platformName=windows_nt}]&#10;Session ID: ee3f69db-fe76-47a3-80f2-4a07cc2e8547&#10;*** Element info: {Using=css selector, value=.n-product-summary__content}" type="org.openqa.selenium.NoSuchElementException">org.openqa.selenium.NoSuchElementException: 
Unable to locate element: .n-product-summary__content
For documentation on this error, please visit: http://seleniumhq.org/exceptions/no_such_element.html
Build info: version: '3.4.0', revision: 'unknown', time: 'unknown'
System info: host: 'USA', ip: '192.168.0.109', os.name: 'Windows 10', os.arch: 'amd64', os.version: '10.0', java.version: '1.8.0_131'
Driver info: org.openqa.selenium.firefox.FirefoxDriver
Capabilities [{moz:profile=C:\Users\Alexey\AppData\Local\Temp\rust_mozprofile.Jqo3pvrjAYkN, rotatable=false, timeouts={implicit=0.0, pageLoad=300000.0, script=30000.0}, pageLoadStrategy=normal, platform=ANY, specificationLevel=0.0, moz:accessibilityChecks=false, acceptInsecureCerts=true, browserVersion=54.0.1, platformVersion=10.0, moz:processID=6828.0, browserName=firefox, javascriptEnabled=true, platformName=windows_nt}]
Session ID: ee3f69db-fe76-47a3-80f2-4a07cc2e8547
*** Element info: {Using=css selector, value=.n-product-summary__content}
	at com.selenium.test.junit.tests.FireFoxTest.testMarket(FireFoxTest.java:40)
</error>
    <system-out><![CDATA[ScreenShot method called
]]></system-out>
    <system-err><![CDATA[1500236248428	geckodriver	INFO	geckodriver 0.18.0
1500236248444	geckodriver	INFO	Listening on 127.0.0.1:23813
1500236248985	geckodriver::marionette	INFO	Starting browser C:\Program Files (x86)\Mozilla Firefox\firefox.exe with args ["-marionette"]
1500236253453	Marionette	INFO	Listening on port 58816
1500236254270	Marionette	WARN	TLS certificate errors will be ignored for this session
июл 16, 2017 11:17:34 PM org.openqa.selenium.remote.ProtocolHandshake createSession
INFO: Detected dialect: W3C
1500236295324	Marionette	INFO	New connections will no longer be accepted
]]></system-err>
  </testcase>
</testsuite>